[DEBUG]2018-01-10 16:18:56,748 MESSAGE : getBundle(org.apache.axis,org.apache.axis.i18n,resource,null,...)
[DEBUG]2018-01-10 16:18:56,791 MESSAGE : loadBundle: Ignoring MissingResourceException: Can't find bundle for base name org.apache.axis.resource, locale zh_CN
[DEBUG]2018-01-10 16:18:56,791 MESSAGE : Created org.apache.axis.i18n.resource, linked to parent null
[DEBUG]2018-01-10 16:18:56,794 MESSAGE : getBundle(org.apache.axis,org.apache.axis.utils,resource,null,...)
[DEBUG]2018-01-10 16:18:56,797 MESSAGE : loadBundle: Ignoring MissingResourceException: Can't find bundle for base name org.apache.axis.utils.resource, locale zh_CN
[DEBUG]2018-01-10 16:18:56,797 MESSAGE : loadBundle: Ignoring MissingResourceException: Can't find bundle for base name org.apache.axis.resource, locale zh_CN
[DEBUG]2018-01-10 16:18:56,797 MESSAGE : Root package not found, cross link to org.apache.axis.i18n.resource
[DEBUG]2018-01-10 16:18:56,797 MESSAGE : Root package not found, cross link to org.apache.axis.i18n.resource
[DEBUG]2018-01-10 16:18:56,797 MESSAGE : org.apache.axis.i18n.resource::handleGetObject(engineFactory)
[DEBUG]2018-01-10 16:18:56,798 MESSAGE : Got EngineFactory: org.apache.axis.configuration.EngineConfigurationFactoryDefault
[DEBUG]2018-01-10 16:18:56,813 MESSAGE : Enter: AxisEngine::init
[DEBUG]2018-01-10 16:18:57,212 MESSAGE : org.apache.axis.i18n.resource::handleGetObject(attachEnabled)
[DEBUG]2018-01-10 16:18:57,212 MESSAGE : Attachment support is enabled?  true
[DEBUG]2018-01-10 16:18:57,296 MESSAGE : Enter/Exit: JAFDataHandlerDeserializerFactory(class java.lang.String, {http://xml.apache.org/xml-soap}PlainText)
[DEBUG]2018-01-10 16:18:57,304 MESSAGE : org.apache.axis.i18n.resource::handleGetObject(oddDigits00)
[DEBUG]2018-01-10 16:18:57,304 MESSAGE : org.apache.axis.i18n.resource::handleGetObject(badChars01)
[DEBUG]2018-01-10 16:18:57,397 MESSAGE : Enter/Exit: JAFDataHandlerDeserializerFactory(class java.awt.Image, {http://xml.apache.org/xml-soap}Image)
[DEBUG]2018-01-10 16:18:57,404 MESSAGE : Enter/Exit: JAFDataHandlerDeserializerFactory(class javax.mail.internet.MimeMultipart, {http://xml.apache.org/xml-soap}Multipart)
[DEBUG]2018-01-10 16:18:57,406 MESSAGE : Enter/Exit: JAFDataHandlerDeserializerFactory(interface javax.xml.transform.Source, {http://xml.apache.org/xml-soap}Source)
[DEBUG]2018-01-10 16:18:57,414 MESSAGE : Enter/Exit: JAFDataHandlerDeserializerFactory(class org.apache.axis.attachments.OctetStream, {http://xml.apache.org/xml-soap}octet-stream)
[DEBUG]2018-01-10 16:18:57,414 MESSAGE : Enter/Exit: JAFDataHandlerDeserializerFactory()
[DEBUG]2018-01-10 16:18:57,470 MESSAGE : Exit: AxisEngine::init
[DEBUG]2018-01-10 16:18:57,527 MESSAGE : @19bb5c09 added parameter >name:       {http://smms.com}tokenid
typeEntry:  null
mode:       IN
position:   0
isReturn:   false
typeQName:  {http://www.w3.org/2001/XMLSchema}string
javaType:   class java.lang.String
inHeader:   false
outHeader:  false
@5b976011<total parameters:1
[DEBUG]2018-01-10 16:18:57,527 MESSAGE : @19bb5c09 added parameter >name:       {http://smms.com}rpc_code
typeEntry:  null
mode:       IN
position:   1
isReturn:   false
typeQName:  {http://www.w3.org/2001/XMLSchema}string
javaType:   class java.lang.String
inHeader:   false
outHeader:  false
@2f242b11<total parameters:2
[DEBUG]2018-01-10 16:18:57,527 MESSAGE : @19bb5c09 added parameter >name:       {http://smms.com}rpc_json
typeEntry:  null
mode:       IN
position:   2
isReturn:   false
typeQName:  {http://www.w3.org/2001/XMLSchema}string
javaType:   class java.lang.String
inHeader:   false
outHeader:  false
@6f878144<total parameters:3
[DEBUG]2018-01-10 16:18:57,527 MESSAGE : @19bb5c09 added parameter >name:       {http://smms.com}rpc_byte
typeEntry:  null
mode:       IN
position:   3
isReturn:   false
typeQName:  {http://www.w3.org/2001/XMLSchema}base64Binary
javaType:   class [B
inHeader:   false
outHeader:  false
@2937d090<total parameters:4
[DEBUG]2018-01-10 16:18:57,528 MESSAGE : @19bb5c09setReturnType({http://www.w3.org/2001/XMLSchema}string)
[DEBUG]2018-01-10 16:19:08,610 MESSAGE : org.apache.axis.i18n.resource::handleGetObject(transport00)
[DEBUG]2018-01-10 16:19:08,610 MESSAGE : Transport is org.apache.axis.transport.http.HTTPTransport@388530b8
[DEBUG]2018-01-10 16:19:08,611 MESSAGE : Enter: Call::invoke(ns, meth, args)
[DEBUG]2018-01-10 16:19:08,633 MESSAGE : operation=name:        wscall
returnQName: {http://smms.com}wscallReturn
returnType:  {http://www.w3.org/2001/XMLSchema}string
returnClass: class java.lang.String
elementQName:null
soapAction:  null
style:       wrapped
use:         literal
numInParams: 4
method:null
 ParameterDesc[0]:
  name:       {http://smms.com}tokenid
  typeEntry:  null
  mode:       IN
  position:   0
  isReturn:   false
  typeQName:  {http://www.w3.org/2001/XMLSchema}string
  javaType:   class java.lang.String
  inHeader:   false
  outHeader:  false

 ParameterDesc[1]:
  name:       {http://smms.com}rpc_code
  typeEntry:  null
  mode:       IN
  position:   1
  isReturn:   false
  typeQName:  {http://www.w3.org/2001/XMLSchema}string
  javaType:   class java.lang.String
  inHeader:   false
  outHeader:  false

 ParameterDesc[2]:
  name:       {http://smms.com}rpc_json
  typeEntry:  null
  mode:       IN
  position:   2
  isReturn:   false
  typeQName:  {http://www.w3.org/2001/XMLSchema}string
  javaType:   class java.lang.String
  inHeader:   false
  outHeader:  false

 ParameterDesc[3]:
  name:       {http://smms.com}rpc_byte
  typeEntry:  null
  mode:       IN
  position:   3
  isReturn:   false
  typeQName:  {http://www.w3.org/2001/XMLSchema}base64Binary
  javaType:   class [B
  inHeader:   false
  outHeader:  false


[DEBUG]2018-01-10 16:19:08,633 MESSAGE : operation.getNumParams()=4
[DEBUG]2018-01-10 16:19:08,633 MESSAGE : getParamList number of params: 4
[DEBUG]2018-01-10 16:19:08,638 MESSAGE : Enter: Call::invoke(RPCElement)
[DEBUG]2018-01-10 16:19:08,661 MESSAGE : org.apache.axis.i18n.resource::handleGetObject(attachEnabled)
[DEBUG]2018-01-10 16:19:08,661 MESSAGE : Attachment support is enabled?  true
[DEBUG]2018-01-10 16:19:08,665 MESSAGE : Enter: SOAPPart ctor(FORM_SOAPENVELOPE)
[DEBUG]2018-01-10 16:19:08,665 MESSAGE : org.apache.axis.i18n.resource::handleGetObject(setMsgForm)
[DEBUG]2018-01-10 16:19:08,665 MESSAGE : Setting current message form to: FORM_SOAPENVELOPE (currentMessage is now org.apache.axis.message.SOAPEnvelope)
[DEBUG]2018-01-10 16:19:08,665 MESSAGE : Exit: SOAPPart ctor()
[DEBUG]2018-01-10 16:19:08,666 MESSAGE : org.apache.axis.i18n.resource::handleGetObject(addBody00)
[DEBUG]2018-01-10 16:19:08,666 MESSAGE : Adding body element to message...
[DEBUG]2018-01-10 16:19:08,666 MESSAGE : Enter: Call::invoke()
[DEBUG]2018-01-10 16:19:08,666 MESSAGE : MessageContext: setTargetService(WsRpci)
[DEBUG]2018-01-10 16:19:08,666 MESSAGE : org.apache.axis.i18n.resource::handleGetObject(noService10)
[DEBUG]2018-01-10 16:19:08,667 MESSAGE : Exception: 
org.apache.axis.ConfigurationException: No service named WsRpci is available
org.apache.axis.ConfigurationException: No service named WsRpci is available
	at org.apache.axis.configuration.FileProvider.getService(FileProvider.java:233)
	at org.apache.axis.AxisEngine.getService(AxisEngine.java:311)
	at org.apache.axis.MessageContext.setTargetService(MessageContext.java:756)
	at org.apache.axis.client.Call.invoke(Call.java:2690)
	at org.apache.axis.client.Call.invoke(Call.java:2443)
	at org.apache.axis.client.Call.invoke(Call.java:2366)
	at org.apache.axis.client.Call.invoke(Call.java:1812)
	at com.smms.WsRpciSoapBindingStub.wscall(WsRpciSoapBindingStub.java:126)
	at com.smms.WsRpci_client_impl.main(WsRpci_client_impl.java:40)

	at org.apache.axis.configuration.FileProvider.getService(FileProvider.java:233)
	at org.apache.axis.AxisEngine.getService(AxisEngine.java:311)
	at org.apache.axis.MessageContext.setTargetService(MessageContext.java:756)
	at org.apache.axis.client.Call.invoke(Call.java:2690)
	at org.apache.axis.client.Call.invoke(Call.java:2443)
	at org.apache.axis.client.Call.invoke(Call.java:2366)
	at org.apache.axis.client.Call.invoke(Call.java:1812)
	at com.smms.WsRpciSoapBindingStub.wscall(WsRpciSoapBindingStub.java:126)
	at com.smms.WsRpci_client_impl.main(WsRpci_client_impl.java:40)
[DEBUG]2018-01-10 16:19:08,668 MESSAGE : MessageContext: setServiceHandler(null)
[DEBUG]2018-01-10 16:19:08,668 MESSAGE : org.apache.axis.i18n.resource::handleGetObject(targetService)
[DEBUG]2018-01-10 16:19:08,668 MESSAGE : Target service:  WsRpci
[DEBUG]2018-01-10 16:19:08,668 MESSAGE : MessageContext: setTargetService()
[DEBUG]2018-01-10 16:19:08,668 MESSAGE : org.apache.axis.i18n.resource::handleGetObject(noService10)
[DEBUG]2018-01-10 16:19:08,668 MESSAGE : Exception: 
org.apache.axis.ConfigurationException: No service named  is available
org.apache.axis.ConfigurationException: No service named  is available
	at org.apache.axis.configuration.FileProvider.getService(FileProvider.java:233)
	at org.apache.axis.AxisEngine.getService(AxisEngine.java:311)
	at org.apache.axis.MessageContext.setTargetService(MessageContext.java:756)
	at org.apache.axis.transport.http.HTTPTransport.setupMessageContextImpl(HTTPTransport.java:89)
	at org.apache.axis.client.Transport.setupMessageContext(Transport.java:46)
	at org.apache.axis.client.Call.invoke(Call.java:2738)
	at org.apache.axis.client.Call.invoke(Call.java:2443)
	at org.apache.axis.client.Call.invoke(Call.java:2366)
	at org.apache.axis.client.Call.invoke(Call.java:1812)
	at com.smms.WsRpciSoapBindingStub.wscall(WsRpciSoapBindingStub.java:126)
	at com.smms.WsRpci_client_impl.main(WsRpci_client_impl.java:40)

	at org.apache.axis.configuration.FileProvider.getService(FileProvider.java:233)
	at org.apache.axis.AxisEngine.getService(AxisEngine.java:311)
	at org.apache.axis.MessageContext.setTargetService(MessageContext.java:756)
	at org.apache.axis.transport.http.HTTPTransport.setupMessageContextImpl(HTTPTransport.java:89)
	at org.apache.axis.client.Transport.setupMessageContext(Transport.java:46)
	at org.apache.axis.client.Call.invoke(Call.java:2738)
	at org.apache.axis.client.Call.invoke(Call.java:2443)
	at org.apache.axis.client.Call.invoke(Call.java:2366)
	at org.apache.axis.client.Call.invoke(Call.java:1812)
	at com.smms.WsRpciSoapBindingStub.wscall(WsRpciSoapBindingStub.java:126)
	at com.smms.WsRpci_client_impl.main(WsRpci_client_impl.java:40)
[DEBUG]2018-01-10 16:19:08,668 MESSAGE : MessageContext: setServiceHandler(null)
[DEBUG]2018-01-10 16:19:08,671 MESSAGE : Enter: SOAPPart::getAsSOAPEnvelope()
[DEBUG]2018-01-10 16:19:08,671 MESSAGE : org.apache.axis.i18n.resource::handleGetObject(currForm)
[DEBUG]2018-01-10 16:19:08,671 MESSAGE : current form is FORM_SOAPENVELOPE
[DEBUG]2018-01-10 16:19:08,671 MESSAGE : org.apache.axis.i18n.resource::handleGetObject(register00)
[DEBUG]2018-01-10 16:19:08,671 MESSAGE : register 'soapenv' - 'http://schemas.xmlsoap.org/soap/envelope/'
[DEBUG]2018-01-10 16:19:08,671 MESSAGE : NSPush (32)
[DEBUG]2018-01-10 16:19:08,671 MESSAGE : NSPush (32)
[DEBUG]2018-01-10 16:19:08,671 MESSAGE : org.apache.axis.i18n.resource::handleGetObject(register00)
[DEBUG]2018-01-10 16:19:08,671 MESSAGE : register 'soapenv' - 'http://schemas.xmlsoap.org/soap/envelope/'
[DEBUG]2018-01-10 16:19:08,671 MESSAGE : org.apache.axis.i18n.resource::handleGetObject(register00)
[DEBUG]2018-01-10 16:19:08,671 MESSAGE : register 'xsd' - 'http://www.w3.org/2001/XMLSchema'
[DEBUG]2018-01-10 16:19:08,671 MESSAGE : NSPush (32)
[DEBUG]2018-01-10 16:19:08,671 MESSAGE : org.apache.axis.i18n.resource::handleGetObject(register00)
[DEBUG]2018-01-10 16:19:08,671 MESSAGE : register 'xsi' - 'http://www.w3.org/2001/XMLSchema-instance'
[DEBUG]2018-01-10 16:19:08,672 MESSAGE : NSPush (32)
[DEBUG]2018-01-10 16:19:08,672 MESSAGE : org.apache.axis.i18n.resource::handleGetObject(startElem00)
[DEBUG]2018-01-10 16:19:08,672 MESSAGE : Start element [http://schemas.xmlsoap.org/soap/envelope/]:Envelope
[DEBUG]2018-01-10 16:19:08,678 MESSAGE : org.apache.axis.i18n.resource::handleGetObject(startElem00)
[DEBUG]2018-01-10 16:19:08,678 MESSAGE : Start element [http://schemas.xmlsoap.org/soap/envelope/]:Body
[DEBUG]2018-01-10 16:19:08,678 MESSAGE : NSPush (32)
[DEBUG]2018-01-10 16:19:08,679 MESSAGE : org.apache.axis.i18n.resource::handleGetObject(register00)
[DEBUG]2018-01-10 16:19:08,679 MESSAGE : register '' - 'http://smms.com'
[DEBUG]2018-01-10 16:19:08,679 MESSAGE : NSPush (32)
[DEBUG]2018-01-10 16:19:08,679 MESSAGE : NSPush (32)
[DEBUG]2018-01-10 16:19:08,679 MESSAGE : org.apache.axis.i18n.resource::handleGetObject(startElem00)
[DEBUG]2018-01-10 16:19:08,679 MESSAGE : Start element [http://smms.com]:wscall
[DEBUG]2018-01-10 16:19:08,691 MESSAGE : org.apache.axis.i18n.resource::handleGetObject(startElem00)
[DEBUG]2018-01-10 16:19:08,691 MESSAGE : Start element [http://smms.com]:tokenid
[DEBUG]2018-01-10 16:19:08,692 MESSAGE : NSPush (32)
[DEBUG]2018-01-10 16:19:08,694 MESSAGE : org.apache.axis.i18n.resource::handleGetObject(endElem00)
[DEBUG]2018-01-10 16:19:08,694 MESSAGE : End element tokenid
[DEBUG]2018-01-10 16:19:08,694 MESSAGE : NSPop (32)
[DEBUG]2018-01-10 16:19:08,695 MESSAGE : org.apache.axis.i18n.resource::handleGetObject(startElem00)
[DEBUG]2018-01-10 16:19:08,695 MESSAGE : Start element [http://smms.com]:rpc_code
[DEBUG]2018-01-10 16:19:08,695 MESSAGE : NSPush (32)
[DEBUG]2018-01-10 16:19:08,695 MESSAGE : org.apache.axis.i18n.resource::handleGetObject(endElem00)
[DEBUG]2018-01-10 16:19:08,695 MESSAGE : End element rpc_code
[DEBUG]2018-01-10 16:19:08,695 MESSAGE : NSPop (32)
[DEBUG]2018-01-10 16:19:08,695 MESSAGE : org.apache.axis.i18n.resource::handleGetObject(startElem00)
[DEBUG]2018-01-10 16:19:08,695 MESSAGE : Start element [http://smms.com]:rpc_json
[DEBUG]2018-01-10 16:19:08,695 MESSAGE : NSPush (32)
[DEBUG]2018-01-10 16:19:08,695 MESSAGE : org.apache.axis.i18n.resource::handleGetObject(endElem00)
[DEBUG]2018-01-10 16:19:08,695 MESSAGE : End element rpc_json
[DEBUG]2018-01-10 16:19:08,695 MESSAGE : NSPop (32)
[DEBUG]2018-01-10 16:19:08,695 MESSAGE : org.apache.axis.i18n.resource::handleGetObject(startElem00)
[DEBUG]2018-01-10 16:19:08,695 MESSAGE : Start element [http://smms.com]:rpc_byte
[DEBUG]2018-01-10 16:19:08,695 MESSAGE : NSPush (32)
[DEBUG]2018-01-10 16:19:08,695 MESSAGE : org.apache.axis.i18n.resource::handleGetObject(endElem00)
[DEBUG]2018-01-10 16:19:08,695 MESSAGE : End element rpc_byte
[DEBUG]2018-01-10 16:19:08,695 MESSAGE : NSPop (32)
[DEBUG]2018-01-10 16:19:08,695 MESSAGE : org.apache.axis.i18n.resource::handleGetObject(endElem00)
[DEBUG]2018-01-10 16:19:08,696 MESSAGE : End element wscall
[DEBUG]2018-01-10 16:19:08,696 MESSAGE : NSPop (32)
[DEBUG]2018-01-10 16:19:08,696 MESSAGE : org.apache.axis.i18n.resource::handleGetObject(endElem00)
[DEBUG]2018-01-10 16:19:08,696 MESSAGE : End element soapenv:Body
[DEBUG]2018-01-10 16:19:08,696 MESSAGE : NSPop (32)
[DEBUG]2018-01-10 16:19:08,708 MESSAGE : org.apache.axis.i18n.resource::handleGetObject(endElem00)
[DEBUG]2018-01-10 16:19:08,708 MESSAGE : End element soapenv:Envelope
[DEBUG]2018-01-10 16:19:08,708 MESSAGE : org.apache.axis.i18n.resource::handleGetObject(empty00)
[DEBUG]2018-01-10 16:19:08,708 MESSAGE : NSPop (empty)
[DEBUG]2018-01-10 16:19:08,708 MESSAGE : <?xml version="1.0" encoding="UTF-8"?><soapenv:Envelope xmlns:soapenv="http://schemas.xmlsoap.org/soap/envelope/" xmlns:xsd="http://www.w3.org/2001/XMLSchema" xmlns:xsi="http://www.w3.org/2001/XMLSchema-instance"><soapenv:Body><wscall xmlns="http://smms.com"><tokenid>1111</tokenid><rpc_code>1001</rpc_code><rpc_json>{ &quot;data&quot;: {&quot;access_id&quot;: &quot;1&quot;, &quot;machine_room_idx&quot;: &quot;123&quot;, &quot;machine_room_name&quot;: &quot;002&#x673A;&#x623F;&quot;, &quot;machine_room_property&quot;: &quot;1&quot;, &quot;room_manager&quot;: &quot;&#x8D1F;&#x8D23;&#x4EBA;01&quot;, &quot;room_manager_tel&quot;: &quot;232323&quot;,&quot;room_manager_mobile&quot;: &quot;131023&quot;, &quot;machine_room_place&quot;: &quot;&#x5E7F;&#x4E1C;&#x7701;&#x73E0;&#x6D77;&#x5E02;x&quot;,&quot;total&quot;: 2, &quot;rows&quot;: [     { &quot;begin_ip&quot;: &quot;37&quot;,&quot;end_ip&quot;: &quot;192.168.234.82&quot;}, { &quot;begin_ip&quot;: &quot;38.1&quot;, &quot;end_ip&quot;: &quot;192.168.123.82&quot;} ]}}</rpc_json><rpc_byte xsi:nil="true"/></wscall></soapenv:Body></soapenv:Envelope>
[DEBUG]2018-01-10 16:19:08,708 MESSAGE : Enter: AxisClient::invoke
[DEBUG]2018-01-10 16:19:08,708 MESSAGE : EngineHandler: null
[DEBUG]2018-01-10 16:19:08,712 MESSAGE : org.apache.axis.i18n.resource::handleGetObject(axisUserAgent)
[DEBUG]2018-01-10 16:19:08,717 MESSAGE : Enter: SimpleChain::invoke
[DEBUG]2018-01-10 16:19:08,717 MESSAGE : org.apache.axis.i18n.resource::handleGetObject(enter00)
[DEBUG]2018-01-10 16:19:08,717 MESSAGE : Enter:  HTTPSender::invoke
[DEBUG]2018-01-10 16:19:08,718 MESSAGE : Enter: SOAPPart::saveChanges
[DEBUG]2018-01-10 16:19:08,719 MESSAGE : org.apache.axis.i18n.resource::handleGetObject(register00)
[DEBUG]2018-01-10 16:19:08,719 MESSAGE : register 'soapenv' - 'http://schemas.xmlsoap.org/soap/envelope/'
[DEBUG]2018-01-10 16:19:08,719 MESSAGE : NSPush (32)
[DEBUG]2018-01-10 16:19:08,719 MESSAGE : NSPush (32)
[DEBUG]2018-01-10 16:19:08,719 MESSAGE : org.apache.axis.i18n.resource::handleGetObject(register00)
[DEBUG]2018-01-10 16:19:08,719 MESSAGE : register 'soapenv' - 'http://schemas.xmlsoap.org/soap/envelope/'
[DEBUG]2018-01-10 16:19:08,719 MESSAGE : org.apache.axis.i18n.resource::handleGetObject(register00)
[DEBUG]2018-01-10 16:19:08,719 MESSAGE : register 'xsd' - 'http://www.w3.org/2001/XMLSchema'
[DEBUG]2018-01-10 16:19:08,720 MESSAGE : NSPush (32)
[DEBUG]2018-01-10 16:19:08,720 MESSAGE : org.apache.axis.i18n.resource::handleGetObject(register00)
[DEBUG]2018-01-10 16:19:08,720 MESSAGE : register 'xsi' - 'http://www.w3.org/2001/XMLSchema-instance'
[DEBUG]2018-01-10 16:19:08,720 MESSAGE : NSPush (32)
[DEBUG]2018-01-10 16:19:08,720 MESSAGE : org.apache.axis.i18n.resource::handleGetObject(startElem00)
[DEBUG]2018-01-10 16:19:08,720 MESSAGE : Start element [http://schemas.xmlsoap.org/soap/envelope/]:Envelope
[DEBUG]2018-01-10 16:19:08,720 MESSAGE : org.apache.axis.i18n.resource::handleGetObject(startElem00)
[DEBUG]2018-01-10 16:19:08,720 MESSAGE : Start element [http://schemas.xmlsoap.org/soap/envelope/]:Body
[DEBUG]2018-01-10 16:19:08,720 MESSAGE : NSPush (32)
[DEBUG]2018-01-10 16:19:08,720 MESSAGE : org.apache.axis.i18n.resource::handleGetObject(register00)
[DEBUG]2018-01-10 16:19:08,720 MESSAGE : register '' - 'http://smms.com'
[DEBUG]2018-01-10 16:19:08,720 MESSAGE : NSPush (32)
[DEBUG]2018-01-10 16:19:08,720 MESSAGE : NSPush (32)
[DEBUG]2018-01-10 16:19:08,720 MESSAGE : org.apache.axis.i18n.resource::handleGetObject(startElem00)
[DEBUG]2018-01-10 16:19:08,720 MESSAGE : Start element [http://smms.com]:wscall
[DEBUG]2018-01-10 16:19:08,720 MESSAGE : org.apache.axis.i18n.resource::handleGetObject(startElem00)
[DEBUG]2018-01-10 16:19:08,720 MESSAGE : Start element [http://smms.com]:tokenid
[DEBUG]2018-01-10 16:19:08,720 MESSAGE : NSPush (32)
[DEBUG]2018-01-10 16:19:08,720 MESSAGE : org.apache.axis.i18n.resource::handleGetObject(endElem00)
[DEBUG]2018-01-10 16:19:08,720 MESSAGE : End element tokenid
[DEBUG]2018-01-10 16:19:08,720 MESSAGE : NSPop (32)
[DEBUG]2018-01-10 16:19:08,720 MESSAGE : org.apache.axis.i18n.resource::handleGetObject(startElem00)
[DEBUG]2018-01-10 16:19:08,720 MESSAGE : Start element [http://smms.com]:rpc_code
[DEBUG]2018-01-10 16:19:08,721 MESSAGE : NSPush (32)
[DEBUG]2018-01-10 16:19:08,721 MESSAGE : org.apache.axis.i18n.resource::handleGetObject(endElem00)
[DEBUG]2018-01-10 16:19:08,721 MESSAGE : End element rpc_code
[DEBUG]2018-01-10 16:19:08,721 MESSAGE : NSPop (32)
[DEBUG]2018-01-10 16:19:08,721 MESSAGE : org.apache.axis.i18n.resource::handleGetObject(startElem00)
[DEBUG]2018-01-10 16:19:08,721 MESSAGE : Start element [http://smms.com]:rpc_json
[DEBUG]2018-01-10 16:19:08,721 MESSAGE : NSPush (32)
[DEBUG]2018-01-10 16:19:08,721 MESSAGE : org.apache.axis.i18n.resource::handleGetObject(endElem00)
[DEBUG]2018-01-10 16:19:08,721 MESSAGE : End element rpc_json
[DEBUG]2018-01-10 16:19:08,721 MESSAGE : NSPop (32)
[DEBUG]2018-01-10 16:19:08,721 MESSAGE : org.apache.axis.i18n.resource::handleGetObject(startElem00)
[DEBUG]2018-01-10 16:19:08,721 MESSAGE : Start element [http://smms.com]:rpc_byte
[DEBUG]2018-01-10 16:19:08,721 MESSAGE : NSPush (32)
[DEBUG]2018-01-10 16:19:08,721 MESSAGE : org.apache.axis.i18n.resource::handleGetObject(endElem00)
[DEBUG]2018-01-10 16:19:08,721 MESSAGE : End element rpc_byte
[DEBUG]2018-01-10 16:19:08,721 MESSAGE : NSPop (32)
[DEBUG]2018-01-10 16:19:08,721 MESSAGE : org.apache.axis.i18n.resource::handleGetObject(endElem00)
[DEBUG]2018-01-10 16:19:08,721 MESSAGE : End element wscall
[DEBUG]2018-01-10 16:19:08,721 MESSAGE : NSPop (32)
[DEBUG]2018-01-10 16:19:08,721 MESSAGE : org.apache.axis.i18n.resource::handleGetObject(endElem00)
[DEBUG]2018-01-10 16:19:08,721 MESSAGE : End element soapenv:Body
[DEBUG]2018-01-10 16:19:08,721 MESSAGE : NSPop (32)
[DEBUG]2018-01-10 16:19:08,721 MESSAGE : org.apache.axis.i18n.resource::handleGetObject(endElem00)
[DEBUG]2018-01-10 16:19:08,722 MESSAGE : End element soapenv:Envelope
[DEBUG]2018-01-10 16:19:08,722 MESSAGE : org.apache.axis.i18n.resource::handleGetObject(empty00)
[DEBUG]2018-01-10 16:19:08,722 MESSAGE : NSPop (empty)
[DEBUG]2018-01-10 16:19:08,722 MESSAGE : org.apache.axis.i18n.resource::handleGetObject(setMsgForm)
[DEBUG]2018-01-10 16:19:08,722 MESSAGE : Setting current message form to: FORM_OPTIMIZED (currentMessage is now org.apache.axis.utils.ByteArray)
[DEBUG]2018-01-10 16:19:08,722 MESSAGE : Exit: SOAPPart::saveChanges(): org.apache.axis.utils.ByteArray@4c3c2378
[DEBUG]2018-01-10 16:19:08,722 MESSAGE : Enter: SOAPPart::saveChanges
[DEBUG]2018-01-10 16:19:08,722 MESSAGE : Enter: SOAPPart::saveChanges
[DEBUG]2018-01-10 16:19:08,836 MESSAGE : org.apache.axis.i18n.resource::handleGetObject(createdHTTP00)
[DEBUG]2018-01-10 16:19:08,836 MESSAGE : Created an insecure HTTP connection
[DEBUG]2018-01-10 16:19:08,836 MESSAGE : org.apache.axis.i18n.resource::handleGetObject(xmlSent00)
[DEBUG]2018-01-10 16:19:08,836 MESSAGE : XML sent:
[DEBUG]2018-01-10 16:19:08,836 MESSAGE : ---------------------------------------------------
[DEBUG]2018-01-10 16:19:08,856 MESSAGE : Enter: SOAPPart::saveChanges
[DEBUG]2018-01-10 16:19:08,857 MESSAGE : POST /SMMS/services/WsRpci HTTP/1.0
Content-Type: text/xml; charset=utf-8
Accept: application/soap+xml, application/dime, multipart/related, text/*
User-Agent: Axis/1.4
Host: 172.18.2.61
Cache-Control: no-cache
Pragma: no-cache
SOAPAction: ""
Content-Length: 1106

<?xml version="1.0" encoding="UTF-8"?><soapenv:Envelope xmlns:soapenv="http://schemas.xmlsoap.org/soap/envelope/" xmlns:xsd="http://www.w3.org/2001/XMLSchema" xmlns:xsi="http://www.w3.org/2001/XMLSchema-instance"><soapenv:Body><wscall xmlns="http://smms.com"><tokenid>1111</tokenid><rpc_code>1001</rpc_code><rpc_json>{ &quot;data&quot;: {&quot;access_id&quot;: &quot;1&quot;, &quot;machine_room_idx&quot;: &quot;123&quot;, &quot;machine_room_name&quot;: &quot;002&#x673A;&#x623F;&quot;, &quot;machine_room_property&quot;: &quot;1&quot;, &quot;room_manager&quot;: &quot;&#x8D1F;&#x8D23;&#x4EBA;01&quot;, &quot;room_manager_tel&quot;: &quot;232323&quot;,&quot;room_manager_mobile&quot;: &quot;131023&quot;, &quot;machine_room_place&quot;: &quot;&#x5E7F;&#x4E1C;&#x7701;&#x73E0;&#x6D77;&#x5E02;x&quot;,&quot;total&quot;: 2, &quot;rows&quot;: [     { &quot;begin_ip&quot;: &quot;37&quot;,&quot;end_ip&quot;: &quot;192.168.234.82&quot;}, { &quot;begin_ip&quot;: &quot;38.1&quot;, &quot;end_ip&quot;: &quot;192.168.123.82&quot;} ]}}</rpc_json><rpc_byte xsi:nil="true"/></wscall></soapenv:Body></soapenv:Envelope>
[DEBUG]2018-01-10 16:19:09,295 MESSAGE : HTTP/1.1 200 OK
[DEBUG]2018-01-10 16:19:09,295 MESSAGE : Server Apache-Coyote/1.1
[DEBUG]2018-01-10 16:19:09,295 MESSAGE : Content-Type text/xml;charset=utf-8
[DEBUG]2018-01-10 16:19:09,295 MESSAGE : Date Wed, 10 Jan 2018 08:18:59 GMT
[DEBUG]2018-01-10 16:19:09,295 MESSAGE : Connection close
[DEBUG]2018-01-10 16:19:09,296 MESSAGE : Enter: SOAPPart ctor(FORM_INPUTSTREAM)
[DEBUG]2018-01-10 16:19:09,296 MESSAGE : org.apache.axis.i18n.resource::handleGetObject(setMsgForm)
[DEBUG]2018-01-10 16:19:09,296 MESSAGE : Setting current message form to: FORM_INPUTSTREAM (currentMessage is now org.apache.axis.transport.http.SocketInputStream)
[DEBUG]2018-01-10 16:19:09,296 MESSAGE : Exit: SOAPPart ctor()
[DEBUG]2018-01-10 16:19:09,296 MESSAGE : org.apache.axis.i18n.resource::handleGetObject(no00)
[DEBUG]2018-01-10 16:19:09,296 MESSAGE : 
no Content-Length
[DEBUG]2018-01-10 16:19:09,296 MESSAGE : org.apache.axis.i18n.resource::handleGetObject(xmlRecd00)
[DEBUG]2018-01-10 16:19:09,296 MESSAGE : 
XML received:
[DEBUG]2018-01-10 16:19:09,296 MESSAGE : -----------------------------------------------
[DEBUG]2018-01-10 16:19:09,297 MESSAGE : Enter: SOAPPart::getAsSOAPEnvelope()
[DEBUG]2018-01-10 16:19:09,297 MESSAGE : org.apache.axis.i18n.resource::handleGetObject(currForm)
[DEBUG]2018-01-10 16:19:09,297 MESSAGE : current form is FORM_INPUTSTREAM
[DEBUG]2018-01-10 16:19:09,304 MESSAGE : org.apache.axis.i18n.resource::handleGetObject(pushHandler00)
[DEBUG]2018-01-10 16:19:09,304 MESSAGE : Pushing handler org.apache.axis.message.EnvelopeHandler@24c0f1ec
[DEBUG]2018-01-10 16:19:09,337 MESSAGE : Enter: DeserializationContext::startPrefixMapping(soapenv, http://schemas.xmlsoap.org/soap/envelope/)
[DEBUG]2018-01-10 16:19:09,337 MESSAGE : NSPush (32)
[DEBUG]2018-01-10 16:19:09,337 MESSAGE : NSPush (32)
[DEBUG]2018-01-10 16:19:09,337 MESSAGE : Exit: DeserializationContext::startPrefixMapping()
[DEBUG]2018-01-10 16:19:09,337 MESSAGE : Enter: DeserializationContext::startPrefixMapping(xsd, http://www.w3.org/2001/XMLSchema)
[DEBUG]2018-01-10 16:19:09,337 MESSAGE : NSPush (32)
[DEBUG]2018-01-10 16:19:09,337 MESSAGE : Exit: DeserializationContext::startPrefixMapping()
[DEBUG]2018-01-10 16:19:09,338 MESSAGE : Enter: DeserializationContext::startPrefixMapping(xsi, http://www.w3.org/2001/XMLSchema-instance)
[DEBUG]2018-01-10 16:19:09,338 MESSAGE : NSPush (32)
[DEBUG]2018-01-10 16:19:09,338 MESSAGE : Exit: DeserializationContext::startPrefixMapping()
[DEBUG]2018-01-10 16:19:09,338 MESSAGE : Enter: DeserializationContext::startElement(http://schemas.xmlsoap.org/soap/envelope/, Envelope)
[DEBUG]2018-01-10 16:19:09,338 MESSAGE : org.apache.axis.i18n.resource::handleGetObject(pushHandler00)
[DEBUG]2018-01-10 16:19:09,338 MESSAGE : Pushing handler org.apache.axis.message.EnvelopeBuilder@63cd66ea
[DEBUG]2018-01-10 16:19:09,338 MESSAGE : Pushing element Envelope
[DEBUG]2018-01-10 16:19:09,338 MESSAGE : Exit: DeserializationContext::startElement()
[DEBUG]2018-01-10 16:19:09,338 MESSAGE : Enter: DeserializationContext::startElement(http://schemas.xmlsoap.org/soap/envelope/, Body)
[DEBUG]2018-01-10 16:19:09,339 MESSAGE : org.apache.axis.i18n.resource::handleGetObject(pushHandler00)
[DEBUG]2018-01-10 16:19:09,340 MESSAGE : Pushing handler org.apache.axis.message.BodyBuilder@326b9c84
[DEBUG]2018-01-10 16:19:09,340 MESSAGE : org.apache.axis.i18n.resource::handleGetObject(newElem00)
[DEBUG]2018-01-10 16:19:09,340 MESSAGE : New MessageElement (org.apache.axis.message.SOAPBody@36f0b7f8) named {soapenv}Body
[DEBUG]2018-01-10 16:19:09,340 MESSAGE : Pushing element Body
[DEBUG]2018-01-10 16:19:09,340 MESSAGE : NSPush (32)
[DEBUG]2018-01-10 16:19:09,340 MESSAGE : Exit: DeserializationContext::startElement()
[DEBUG]2018-01-10 16:19:09,340 MESSAGE : Enter: DeserializationContext::startPrefixMapping(, http://smms.com)
[DEBUG]2018-01-10 16:19:09,340 MESSAGE : NSPush (32)
[DEBUG]2018-01-10 16:19:09,340 MESSAGE : NSPush (32)
[DEBUG]2018-01-10 16:19:09,340 MESSAGE : Exit: DeserializationContext::startPrefixMapping()
[DEBUG]2018-01-10 16:19:09,340 MESSAGE : Enter: DeserializationContext::startElement(http://smms.com, wscallResponse)
[DEBUG]2018-01-10 16:19:09,340 MESSAGE : Enter: BodyBuilder::onStartChild()
[DEBUG]2018-01-10 16:19:09,340 MESSAGE : org.apache.axis.i18n.resource::handleGetObject(newElem00)
[DEBUG]2018-01-10 16:19:09,341 MESSAGE : New MessageElement (org.apache.axis.message.RPCElement@75be16f5) named {}wscallResponse
[DEBUG]2018-01-10 16:19:09,341 MESSAGE : Exit: BodyBuilder::onStartChild()
[DEBUG]2018-01-10 16:19:09,341 MESSAGE : org.apache.axis.i18n.resource::handleGetObject(pushHandler00)
[DEBUG]2018-01-10 16:19:09,341 MESSAGE : Pushing handler org.apache.axis.message.SOAPHandler@12d56b37
[DEBUG]2018-01-10 16:19:09,341 MESSAGE : Pushing element wscallResponse
[DEBUG]2018-01-10 16:19:09,341 MESSAGE : Exit: DeserializationContext::startElement()
[DEBUG]2018-01-10 16:19:09,341 MESSAGE : Enter: DeserializationContext::startElement(http://smms.com, wscallReturn)
[DEBUG]2018-01-10 16:19:09,341 MESSAGE : org.apache.axis.i18n.resource::handleGetObject(pushHandler00)
[DEBUG]2018-01-10 16:19:09,341 MESSAGE : Pushing handler org.apache.axis.message.SOAPHandler@7971f189
[DEBUG]2018-01-10 16:19:09,341 MESSAGE : org.apache.axis.i18n.resource::handleGetObject(newElem00)
[DEBUG]2018-01-10 16:19:09,341 MESSAGE : New MessageElement (org.apache.axis.message.MessageElement@27a897a9) named {}wscallReturn
[DEBUG]2018-01-10 16:19:09,341 MESSAGE : Pushing element wscallReturn
[DEBUG]2018-01-10 16:19:09,341 MESSAGE : NSPush (32)
[DEBUG]2018-01-10 16:19:09,341 MESSAGE : Exit: DeserializationContext::startElement()
[DEBUG]2018-01-10 16:19:09,350 MESSAGE : Enter: DeserializationContext::endElement(http://smms.com, wscallReturn)
[DEBUG]2018-01-10 16:19:09,350 MESSAGE : org.apache.axis.i18n.resource::handleGetObject(popHandler00)
[DEBUG]2018-01-10 16:19:09,351 MESSAGE : Popping handler org.apache.axis.message.SOAPHandler@7971f189
[DEBUG]2018-01-10 16:19:09,351 MESSAGE : NSPop (32)
[DEBUG]2018-01-10 16:19:09,351 MESSAGE : Popped element stack to org.apache.axis.message.RPCElement:wscallResponse
[DEBUG]2018-01-10 16:19:09,351 MESSAGE : Exit: DeserializationContext::endElement()
[DEBUG]2018-01-10 16:19:09,351 MESSAGE : Enter: DeserializationContext::endElement(http://smms.com, wscallResponse)
[DEBUG]2018-01-10 16:19:09,351 MESSAGE : org.apache.axis.i18n.resource::handleGetObject(popHandler00)
[DEBUG]2018-01-10 16:19:09,351 MESSAGE : Popping handler org.apache.axis.message.SOAPHandler@12d56b37
[DEBUG]2018-01-10 16:19:09,351 MESSAGE : NSPop (32)
[DEBUG]2018-01-10 16:19:09,352 MESSAGE : Popped element stack to org.apache.axis.message.SOAPBody:Body
[DEBUG]2018-01-10 16:19:09,352 MESSAGE : Exit: DeserializationContext::endElement()
[DEBUG]2018-01-10 16:19:09,352 MESSAGE : Enter: DeserializationContext::endPrefixMapping()
[DEBUG]2018-01-10 16:19:09,352 MESSAGE : Exit: DeserializationContext::endPrefixMapping()
[DEBUG]2018-01-10 16:19:09,352 MESSAGE : Enter: DeserializationContext::endElement(http://schemas.xmlsoap.org/soap/envelope/, Body)
[DEBUG]2018-01-10 16:19:09,352 MESSAGE : org.apache.axis.i18n.resource::handleGetObject(popHandler00)
[DEBUG]2018-01-10 16:19:09,352 MESSAGE : Popping handler org.apache.axis.message.BodyBuilder@326b9c84
[DEBUG]2018-01-10 16:19:09,352 MESSAGE : NSPop (32)
[DEBUG]2018-01-10 16:19:09,352 MESSAGE : Popped element stack to org.apache.axis.message.SOAPEnvelope:Envelope
[DEBUG]2018-01-10 16:19:09,352 MESSAGE : Exit: DeserializationContext::endElement()
[DEBUG]2018-01-10 16:19:09,352 MESSAGE : Enter: DeserializationContext::endElement(http://schemas.xmlsoap.org/soap/envelope/, Envelope)
[DEBUG]2018-01-10 16:19:09,352 MESSAGE : org.apache.axis.i18n.resource::handleGetObject(popHandler00)
[DEBUG]2018-01-10 16:19:09,352 MESSAGE : Popping handler org.apache.axis.message.EnvelopeBuilder@63cd66ea
[DEBUG]2018-01-10 16:19:09,352 MESSAGE : org.apache.axis.i18n.resource::handleGetObject(empty00)
[DEBUG]2018-01-10 16:19:09,352 MESSAGE : NSPop (empty)
[DEBUG]2018-01-10 16:19:09,352 MESSAGE : Popped element stack to null
[DEBUG]2018-01-10 16:19:09,352 MESSAGE : Exit: DeserializationContext::endElement()
[DEBUG]2018-01-10 16:19:09,352 MESSAGE : Enter: DeserializationContext::endPrefixMapping(soapenv)
[DEBUG]2018-01-10 16:19:09,352 MESSAGE : Exit: DeserializationContext::endPrefixMapping()
[DEBUG]2018-01-10 16:19:09,352 MESSAGE : Enter: DeserializationContext::endPrefixMapping(xsd)
[DEBUG]2018-01-10 16:19:09,352 MESSAGE : Exit: DeserializationContext::endPrefixMapping()
[DEBUG]2018-01-10 16:19:09,352 MESSAGE : Enter: DeserializationContext::endPrefixMapping(xsi)
[DEBUG]2018-01-10 16:19:09,352 MESSAGE : Exit: DeserializationContext::endPrefixMapping()
[DEBUG]2018-01-10 16:19:09,353 MESSAGE : Enter: DeserializationContext::endDocument()
[DEBUG]2018-01-10 16:19:09,353 MESSAGE : Exit: DeserializationContext::endDocument()
[DEBUG]2018-01-10 16:19:09,353 MESSAGE : org.apache.axis.i18n.resource::handleGetObject(setMsgForm)
[DEBUG]2018-01-10 16:19:09,353 MESSAGE : Setting current message form to: FORM_SOAPENVELOPE (currentMessage is now org.apache.axis.message.SOAPEnvelope)
[DEBUG]2018-01-10 16:19:09,353 MESSAGE : Exit: SOAPPart::getAsSOAPEnvelope
[DEBUG]2018-01-10 16:19:09,353 MESSAGE : org.apache.axis.i18n.resource::handleGetObject(register00)
[DEBUG]2018-01-10 16:19:09,353 MESSAGE : register 'soapenv' - 'http://schemas.xmlsoap.org/soap/envelope/'
[DEBUG]2018-01-10 16:19:09,353 MESSAGE : NSPush (32)
[DEBUG]2018-01-10 16:19:09,353 MESSAGE : NSPush (32)
[DEBUG]2018-01-10 16:19:09,353 MESSAGE : org.apache.axis.i18n.resource::handleGetObject(register00)
[DEBUG]2018-01-10 16:19:09,353 MESSAGE : register 'xsd' - 'http://www.w3.org/2001/XMLSchema'
[DEBUG]2018-01-10 16:19:09,353 MESSAGE : NSPush (32)
[DEBUG]2018-01-10 16:19:09,353 MESSAGE : org.apache.axis.i18n.resource::handleGetObject(register00)
[DEBUG]2018-01-10 16:19:09,353 MESSAGE : register 'xsi' - 'http://www.w3.org/2001/XMLSchema-instance'
[DEBUG]2018-01-10 16:19:09,354 MESSAGE : NSPush (32)
[DEBUG]2018-01-10 16:19:09,354 MESSAGE : org.apache.axis.i18n.resource::handleGetObject(startElem00)
[DEBUG]2018-01-10 16:19:09,354 MESSAGE : Start element [http://schemas.xmlsoap.org/soap/envelope/]:Envelope
[DEBUG]2018-01-10 16:19:09,354 MESSAGE : org.apache.axis.i18n.resource::handleGetObject(startElem00)
[DEBUG]2018-01-10 16:19:09,354 MESSAGE : Start element [http://schemas.xmlsoap.org/soap/envelope/]:Body
[DEBUG]2018-01-10 16:19:09,354 MESSAGE : NSPush (32)
[DEBUG]2018-01-10 16:19:09,355 MESSAGE : org.apache.axis.i18n.resource::handleGetObject(register00)
[DEBUG]2018-01-10 16:19:09,355 MESSAGE : register '' - 'http://smms.com'
[DEBUG]2018-01-10 16:19:09,355 MESSAGE : NSPush (32)
[DEBUG]2018-01-10 16:19:09,355 MESSAGE : NSPush (32)
[DEBUG]2018-01-10 16:19:09,355 MESSAGE : SAXOutputter.startElement ['http://smms.com' wscallResponse]
[DEBUG]2018-01-10 16:19:09,355 MESSAGE : org.apache.axis.i18n.resource::handleGetObject(startElem00)
[DEBUG]2018-01-10 16:19:09,355 MESSAGE : Start element [http://smms.com]:wscallResponse
[DEBUG]2018-01-10 16:19:09,355 MESSAGE : SAXOutputter.startElement ['http://smms.com' wscallReturn]
[DEBUG]2018-01-10 16:19:09,355 MESSAGE : org.apache.axis.i18n.resource::handleGetObject(startElem00)
[DEBUG]2018-01-10 16:19:09,355 MESSAGE : Start element [http://smms.com]:wscallReturn
[DEBUG]2018-01-10 16:19:09,355 MESSAGE : NSPush (32)
[DEBUG]2018-01-10 16:19:09,355 MESSAGE : SAXOutputter.characters ['{']
[DEBUG]2018-01-10 16:19:09,355 MESSAGE : SAXOutputter.characters ['"']
[DEBUG]2018-01-10 16:19:09,355 MESSAGE : SAXOutputter.characters ['return_code']
[DEBUG]2018-01-10 16:19:09,355 MESSAGE : SAXOutputter.characters ['"']
[DEBUG]2018-01-10 16:19:09,355 MESSAGE : SAXOutputter.characters [':']
[DEBUG]2018-01-10 16:19:09,355 MESSAGE : SAXOutputter.characters ['"']
[DEBUG]2018-01-10 16:19:09,355 MESSAGE : SAXOutputter.characters ['000']
[DEBUG]2018-01-10 16:19:09,355 MESSAGE : SAXOutputter.characters ['"']
[DEBUG]2018-01-10 16:19:09,355 MESSAGE : SAXOutputter.characters [',']
[DEBUG]2018-01-10 16:19:09,355 MESSAGE : SAXOutputter.characters ['"']
[DEBUG]2018-01-10 16:19:09,355 MESSAGE : SAXOutputter.characters ['return_msg']
[DEBUG]2018-01-10 16:19:09,355 MESSAGE : SAXOutputter.characters ['"']
[DEBUG]2018-01-10 16:19:09,356 MESSAGE : SAXOutputter.characters [':']
[DEBUG]2018-01-10 16:19:09,356 MESSAGE : SAXOutputter.characters ['"']
[DEBUG]2018-01-10 16:19:09,356 MESSAGE : SAXOutputter.characters ['处']
[DEBUG]2018-01-10 16:19:09,356 MESSAGE : SAXOutputter.characters ['理']
[DEBUG]2018-01-10 16:19:09,356 MESSAGE : SAXOutputter.characters ['成']
[DEBUG]2018-01-10 16:19:09,356 MESSAGE : SAXOutputter.characters ['功']
[DEBUG]2018-01-10 16:19:09,356 MESSAGE : SAXOutputter.characters ['"']
[DEBUG]2018-01-10 16:19:09,356 MESSAGE : SAXOutputter.characters ['}']
[DEBUG]2018-01-10 16:19:09,356 MESSAGE : SAXOutputter.endElement ['http://smms.com' wscallReturn]
[DEBUG]2018-01-10 16:19:09,356 MESSAGE : org.apache.axis.i18n.resource::handleGetObject(endElem00)
[DEBUG]2018-01-10 16:19:09,356 MESSAGE : End element wscallReturn
[DEBUG]2018-01-10 16:19:09,356 MESSAGE : NSPop (32)
[DEBUG]2018-01-10 16:19:09,356 MESSAGE : SAXOutputter.endElement ['http://smms.com' wscallResponse]
[DEBUG]2018-01-10 16:19:09,356 MESSAGE : org.apache.axis.i18n.resource::handleGetObject(endElem00)
[DEBUG]2018-01-10 16:19:09,356 MESSAGE : End element wscallResponse
[DEBUG]2018-01-10 16:19:09,356 MESSAGE : NSPop (32)
[DEBUG]2018-01-10 16:19:09,356 MESSAGE : org.apache.axis.i18n.resource::handleGetObject(endElem00)
[DEBUG]2018-01-10 16:19:09,356 MESSAGE : End element soapenv:Body
[DEBUG]2018-01-10 16:19:09,356 MESSAGE : NSPop (32)
[DEBUG]2018-01-10 16:19:09,356 MESSAGE : org.apache.axis.i18n.resource::handleGetObject(endElem00)
[DEBUG]2018-01-10 16:19:09,356 MESSAGE : End element soapenv:Envelope
[DEBUG]2018-01-10 16:19:09,356 MESSAGE : org.apache.axis.i18n.resource::handleGetObject(empty00)
[DEBUG]2018-01-10 16:19:09,356 MESSAGE : NSPop (empty)
[DEBUG]2018-01-10 16:19:09,356 MESSAGE : <soapenv:Envelope xmlns:soapenv="http://schemas.xmlsoap.org/soap/envelope/" xmlns:xsd="http://www.w3.org/2001/XMLSchema" xmlns:xsi="http://www.w3.org/2001/XMLSchema-instance"><soapenv:Body><wscallResponse xmlns="http://smms.com"><wscallReturn>{&quot;return_code&quot;:&quot;000&quot;,&quot;return_msg&quot;:&quot;&#x5904;&#x7406;&#x6210;&#x529F;&quot;}</wscallReturn></wscallResponse></soapenv:Body></soapenv:Envelope>
[DEBUG]2018-01-10 16:19:09,356 MESSAGE : org.apache.axis.i18n.resource::handleGetObject(exit00)
[DEBUG]2018-01-10 16:19:09,356 MESSAGE : Exit:  HTTPDispatchHandler::invoke
[DEBUG]2018-01-10 16:19:09,356 MESSAGE : Exit: SimpleChain::invoke
[DEBUG]2018-01-10 16:19:09,357 MESSAGE : org.apache.axis.i18n.resource::handleGetObject(semanticCheck00)
[DEBUG]2018-01-10 16:19:09,357 MESSAGE : Doing SOAP semantic checks...
[DEBUG]2018-01-10 16:19:09,357 MESSAGE : Enter: SOAPPart::getAsSOAPEnvelope()
[DEBUG]2018-01-10 16:19:09,357 MESSAGE : org.apache.axis.i18n.resource::handleGetObject(currForm)
[DEBUG]2018-01-10 16:19:09,357 MESSAGE : current form is FORM_SOAPENVELOPE
[DEBUG]2018-01-10 16:19:09,357 MESSAGE : Exit: AxisClient::invoke
[DEBUG]2018-01-10 16:19:09,357 MESSAGE : Enter: SOAPPart::getAsSOAPEnvelope()
[DEBUG]2018-01-10 16:19:09,357 MESSAGE : org.apache.axis.i18n.resource::handleGetObject(currForm)
[DEBUG]2018-01-10 16:19:09,357 MESSAGE : current form is FORM_SOAPENVELOPE
[DEBUG]2018-01-10 16:19:09,357 MESSAGE : Exit: Call::invoke()
[DEBUG]2018-01-10 16:19:09,357 MESSAGE : Enter: SOAPPart::getAsSOAPEnvelope()
[DEBUG]2018-01-10 16:19:09,357 MESSAGE : org.apache.axis.i18n.resource::handleGetObject(currForm)
[DEBUG]2018-01-10 16:19:09,357 MESSAGE : current form is FORM_SOAPENVELOPE
[DEBUG]2018-01-10 16:19:09,358 MESSAGE : org.apache.axis.i18n.resource::handleGetObject(pushHandler00)
[DEBUG]2018-01-10 16:19:09,358 MESSAGE : Pushing handler org.apache.axis.message.EnvelopeHandler@7f724a9d
[DEBUG]2018-01-10 16:19:09,358 MESSAGE : Enter: DeserializationContext::startPrefixMapping(, http://smms.com)
[DEBUG]2018-01-10 16:19:09,358 MESSAGE : NSPush (32)
[DEBUG]2018-01-10 16:19:09,358 MESSAGE : NSPush (32)
[DEBUG]2018-01-10 16:19:09,358 MESSAGE : Exit: DeserializationContext::startPrefixMapping()
[DEBUG]2018-01-10 16:19:09,358 MESSAGE : Enter: DeserializationContext::startElement(http://smms.com, wscallResponse)
[DEBUG]2018-01-10 16:19:09,358 MESSAGE : org.apache.axis.i18n.resource::handleGetObject(pushHandler00)
[DEBUG]2018-01-10 16:19:09,358 MESSAGE : Pushing handler org.apache.axis.message.RPCHandler@2880cac9
[DEBUG]2018-01-10 16:19:09,358 MESSAGE : Exit: DeserializationContext::startElement()
[DEBUG]2018-01-10 16:19:09,358 MESSAGE : Enter: DeserializationContext::startElement(http://smms.com, wscallReturn)
[DEBUG]2018-01-10 16:19:09,359 MESSAGE : Enter: RPCHandler.onStartChild()
[DEBUG]2018-01-10 16:19:09,359 MESSAGE : org.apache.axis.i18n.resource::handleGetObject(typeFromAttr00)
[DEBUG]2018-01-10 16:19:09,359 MESSAGE : Type from attributes is:  null
[DEBUG]2018-01-10 16:19:09,361 MESSAGE : Exit: RPCHandler.onStartChild()
[DEBUG]2018-01-10 16:19:09,361 MESSAGE : org.apache.axis.i18n.resource::handleGetObject(pushHandler00)
[DEBUG]2018-01-10 16:19:09,362 MESSAGE : Pushing handler org.apache.axis.encoding.ser.SimpleDeserializer@4afb6354
[DEBUG]2018-01-10 16:19:09,362 MESSAGE : NSPush (32)
[DEBUG]2018-01-10 16:19:09,362 MESSAGE : Exit: DeserializationContext::startElement()
[DEBUG]2018-01-10 16:19:09,362 MESSAGE : Enter: DeserializationContext::endElement(http://smms.com, wscallReturn)
[DEBUG]2018-01-10 16:19:09,362 MESSAGE : org.apache.axis.i18n.resource::handleGetObject(popHandler00)
[DEBUG]2018-01-10 16:19:09,362 MESSAGE : Popping handler org.apache.axis.encoding.ser.SimpleDeserializer@4afb6354
[DEBUG]2018-01-10 16:19:09,362 MESSAGE : org.apache.axis.i18n.resource::handleGetObject(setValueInTarget00)
[DEBUG]2018-01-10 16:19:09,402 MESSAGE : Set value {"return_code":"000","return_msg":"处理成功"} in target org.apache.axis.message.RPCParamTarget@3e364641
[DEBUG]2018-01-10 16:19:09,402 MESSAGE : NSPop (32)
[DEBUG]2018-01-10 16:19:09,402 MESSAGE : Popped element stack to org.apache.axis.message.RPCElement:wscallResponse
[DEBUG]2018-01-10 16:19:09,402 MESSAGE : Exit: DeserializationContext::endElement()
[DEBUG]2018-01-10 16:19:09,402 MESSAGE : Enter: DeserializationContext::endElement(http://smms.com, wscallResponse)
[DEBUG]2018-01-10 16:19:09,402 MESSAGE : org.apache.axis.i18n.resource::handleGetObject(popHandler00)
[DEBUG]2018-01-10 16:19:09,402 MESSAGE : Popping handler org.apache.axis.message.RPCHandler@2880cac9
[DEBUG]2018-01-10 16:19:09,402 MESSAGE : org.apache.axis.i18n.resource::handleGetObject(setProp00)
[DEBUG]2018-01-10 16:19:09,402 MESSAGE : Setting MessageContext property in RPCHandler.endElement().
[DEBUG]2018-01-10 16:19:09,402 MESSAGE : org.apache.axis.i18n.resource::handleGetObject(empty00)
[DEBUG]2018-01-10 16:19:09,402 MESSAGE : NSPop (empty)
[DEBUG]2018-01-10 16:19:09,402 MESSAGE : Popped element stack to org.apache.axis.message.SOAPBody:Body
[DEBUG]2018-01-10 16:19:09,402 MESSAGE : Exit: DeserializationContext::endElement()
[DEBUG]2018-01-10 16:19:09,402 MESSAGE : Exit: Call::invoke(RPCElement)
[DEBUG]2018-01-10 16:19:09,403 MESSAGE : Exit: Call::invoke(ns, meth, args)
[DEBUG]2018-01-10 16:19:09,403 MESSAGE : axis.Call.invoke: 792 {http://smms.com}wscall
[DEBUG]2018-01-10 16:19:09,403 MESSAGE : Enter: SOAPPart::saveChanges
[DEBUG]2018-01-10 16:19:09,403 MESSAGE : org.apache.axis.i18n.resource::handleGetObject(register00)
[DEBUG]2018-01-10 16:19:09,403 MESSAGE : register 'soapenv' - 'http://schemas.xmlsoap.org/soap/envelope/'
[DEBUG]2018-01-10 16:19:09,403 MESSAGE : NSPush (32)
[DEBUG]2018-01-10 16:19:09,403 MESSAGE : NSPush (32)
[DEBUG]2018-01-10 16:19:09,403 MESSAGE : org.apache.axis.i18n.resource::handleGetObject(register00)
[DEBUG]2018-01-10 16:19:09,403 MESSAGE : register 'xsd' - 'http://www.w3.org/2001/XMLSchema'
[DEBUG]2018-01-10 16:19:09,403 MESSAGE : NSPush (32)
[DEBUG]2018-01-10 16:19:09,403 MESSAGE : org.apache.axis.i18n.resource::handleGetObject(register00)
[DEBUG]2018-01-10 16:19:09,403 MESSAGE : register 'xsi' - 'http://www.w3.org/2001/XMLSchema-instance'
[DEBUG]2018-01-10 16:19:09,403 MESSAGE : NSPush (32)
[DEBUG]2018-01-10 16:19:09,403 MESSAGE : org.apache.axis.i18n.resource::handleGetObject(startElem00)
[DEBUG]2018-01-10 16:19:09,403 MESSAGE : Start element [http://schemas.xmlsoap.org/soap/envelope/]:Envelope
[DEBUG]2018-01-10 16:19:09,403 MESSAGE : org.apache.axis.i18n.resource::handleGetObject(headers00)
[DEBUG]2018-01-10 16:19:09,404 MESSAGE : 0 headers
[DEBUG]2018-01-10 16:19:09,404 MESSAGE : org.apache.axis.i18n.resource::handleGetObject(startElem00)
[DEBUG]2018-01-10 16:19:09,404 MESSAGE : Start element [http://schemas.xmlsoap.org/soap/envelope/]:Body
[DEBUG]2018-01-10 16:19:09,404 MESSAGE : NSPush (32)
[DEBUG]2018-01-10 16:19:09,404 MESSAGE : org.apache.axis.i18n.resource::handleGetObject(register00)
[DEBUG]2018-01-10 16:19:09,404 MESSAGE : register '' - 'http://smms.com'
[DEBUG]2018-01-10 16:19:09,404 MESSAGE : NSPush (32)
[DEBUG]2018-01-10 16:19:09,404 MESSAGE : NSPush (32)
[DEBUG]2018-01-10 16:19:09,404 MESSAGE : SAXOutputter.startElement ['http://smms.com' wscallResponse]
[DEBUG]2018-01-10 16:19:09,404 MESSAGE : org.apache.axis.i18n.resource::handleGetObject(startElem00)
[DEBUG]2018-01-10 16:19:09,404 MESSAGE : Start element [http://smms.com]:wscallResponse
[DEBUG]2018-01-10 16:19:09,404 MESSAGE : SAXOutputter.startElement ['http://smms.com' wscallReturn]
[DEBUG]2018-01-10 16:19:09,404 MESSAGE : org.apache.axis.i18n.resource::handleGetObject(startElem00)
[DEBUG]2018-01-10 16:19:09,404 MESSAGE : Start element [http://smms.com]:wscallReturn
[DEBUG]2018-01-10 16:19:09,404 MESSAGE : NSPush (32)
[DEBUG]2018-01-10 16:19:09,404 MESSAGE : SAXOutputter.characters ['{']
[DEBUG]2018-01-10 16:19:09,404 MESSAGE : SAXOutputter.characters ['"']
[DEBUG]2018-01-10 16:19:09,404 MESSAGE : SAXOutputter.characters ['return_code']
[DEBUG]2018-01-10 16:19:09,404 MESSAGE : SAXOutputter.characters ['"']
[DEBUG]2018-01-10 16:19:09,405 MESSAGE : SAXOutputter.characters [':']
[DEBUG]2018-01-10 16:19:09,405 MESSAGE : SAXOutputter.characters ['"']
[DEBUG]2018-01-10 16:19:09,405 MESSAGE : SAXOutputter.characters ['000']
[DEBUG]2018-01-10 16:19:09,405 MESSAGE : SAXOutputter.characters ['"']
[DEBUG]2018-01-10 16:19:09,405 MESSAGE : SAXOutputter.characters [',']
[DEBUG]2018-01-10 16:19:09,405 MESSAGE : SAXOutputter.characters ['"']
[DEBUG]2018-01-10 16:19:09,405 MESSAGE : SAXOutputter.characters ['return_msg']
[DEBUG]2018-01-10 16:19:09,405 MESSAGE : SAXOutputter.characters ['"']
[DEBUG]2018-01-10 16:19:09,405 MESSAGE : SAXOutputter.characters [':']
[DEBUG]2018-01-10 16:19:09,405 MESSAGE : SAXOutputter.characters ['"']
[DEBUG]2018-01-10 16:19:09,405 MESSAGE : SAXOutputter.characters ['处']
[DEBUG]2018-01-10 16:19:09,405 MESSAGE : SAXOutputter.characters ['理']
[DEBUG]2018-01-10 16:19:09,405 MESSAGE : SAXOutputter.characters ['成']
[DEBUG]2018-01-10 16:19:09,405 MESSAGE : SAXOutputter.characters ['功']
[DEBUG]2018-01-10 16:19:09,405 MESSAGE : SAXOutputter.characters ['"']
[DEBUG]2018-01-10 16:19:09,405 MESSAGE : SAXOutputter.characters ['}']
[DEBUG]2018-01-10 16:19:09,405 MESSAGE : SAXOutputter.endElement ['http://smms.com' wscallReturn]
[DEBUG]2018-01-10 16:19:09,405 MESSAGE : org.apache.axis.i18n.resource::handleGetObject(endElem00)
[DEBUG]2018-01-10 16:19:09,405 MESSAGE : End element wscallReturn
[DEBUG]2018-01-10 16:19:09,405 MESSAGE : NSPop (32)
[DEBUG]2018-01-10 16:19:09,405 MESSAGE : SAXOutputter.endElement ['http://smms.com' wscallResponse]
[DEBUG]2018-01-10 16:19:09,405 MESSAGE : org.apache.axis.i18n.resource::handleGetObject(endElem00)
[DEBUG]2018-01-10 16:19:09,406 MESSAGE : End element wscallResponse
[DEBUG]2018-01-10 16:19:09,406 MESSAGE : NSPop (32)
[DEBUG]2018-01-10 16:19:09,406 MESSAGE : org.apache.axis.i18n.resource::handleGetObject(endElem00)
[DEBUG]2018-01-10 16:19:09,406 MESSAGE : End element soapenv:Body
[DEBUG]2018-01-10 16:19:09,406 MESSAGE : NSPop (32)
[DEBUG]2018-01-10 16:19:09,406 MESSAGE : org.apache.axis.i18n.resource::handleGetObject(endElem00)
[DEBUG]2018-01-10 16:19:09,406 MESSAGE : End element soapenv:Envelope
[DEBUG]2018-01-10 16:19:09,406 MESSAGE : org.apache.axis.i18n.resource::handleGetObject(empty00)
[DEBUG]2018-01-10 16:19:09,406 MESSAGE : NSPop (empty)
[DEBUG]2018-01-10 16:19:09,406 MESSAGE : org.apache.axis.i18n.resource::handleGetObject(setMsgForm)
[DEBUG]2018-01-10 16:19:09,406 MESSAGE : Setting current message form to: FORM_OPTIMIZED (currentMessage is now org.apache.axis.utils.ByteArray)
[DEBUG]2018-01-10 16:19:09,406 MESSAGE : Exit: SOAPPart::saveChanges(): org.apache.axis.utils.ByteArray@4a48edb5
